# JRE version: OpenJDK Runtime Environment (8.0_242-b01) (build 1.8.0_242-release-1644-b01)
# Java VM: OpenJDK 64-Bit Server VM (25.242-b01 mixed mode windows-amd64 compressed oops)
Heap:
 PSYoungGen      total 543744K, used 137183K [0x00000000d5580000, 0x0000000100000000, 0x0000000100000000)
  eden space 510976K, 20% used [0x00000000d5580000,0x00000000dbb7f6d8,0x00000000f4880000)
  from space 32768K, 99% used [0x00000000f4880000,0x00000000f68788d8,0x00000000f6880000)
  to   space 45056K, 0% used [0x00000000fd400000,0x00000000fd400000,0x0000000100000000)
 ParOldGen       total 117760K, used 65153K [0x0000000080000000, 0x0000000087300000, 0x00000000d5580000)
  object space 117760K, 55% used [0x0000000080000000,0x0000000083fa07d0,0x0000000087300000)
 Metaspace       used 90402K, capacity 95422K, committed 95576K, reserved 1132544K
  class space    used 11841K, capacity 12904K, committed 12928K, reserved 1048576K
GC Heap History (10 events):
Event: 9.323 GC heap before
{Heap before GC invocations=10 (full 2):
 PSYoungGen      total 275968K, used 260096K [0x00000000d5580000, 0x00000000f1080000, 0x0000000100000000)
  eden space 260096K, 100% used [0x00000000d5580000,0x00000000e5380000,0x00000000e5380000)
  from space 15872K, 0% used [0x00000000e5380000,0x00000000e5380000,0x00000000e6300000)
  to   space 14848K, 0% used [0x00000000f0200000,0x00000000f0200000,0x00000000f1080000)
 ParOldGen       total 77312K, used 14354K [0x0000000080000000, 0x0000000084b80000, 0x00000000d5580000)
  object space 77312K, 18% used [0x0000000080000000,0x0000000080e04b98,0x0000000084b80000)
 Metaspace       used 50901K, capacity 53098K, committed 53336K, reserved 1095680K
  class space    used 6782K, capacity 7244K, committed 7296K, reserved 1048576K
Event: 9.355 GC heap after
Heap after GC invocations=10 (full 2):
 PSYoungGen      total 411648K, used 14841K [0x00000000d5580000, 0x00000000f1080000, 0x0000000100000000)
  eden space 396800K, 0% used [0x00000000d5580000,0x00000000d5580000,0x00000000ed900000)
  from space 14848K, 99% used [0x00000000f0200000,0x00000000f107e648,0x00000000f1080000)
  to   space 21504K, 0% used [0x00000000ee680000,0x00000000ee680000,0x00000000efb80000)
 ParOldGen       total 77312K, used 24167K [0x0000000080000000, 0x0000000084b80000, 0x00000000d5580000)
  object space 77312K, 31% used [0x0000000080000000,0x0000000081799fd0,0x0000000084b80000)
 Metaspace       used 50901K, capacity 53098K, committed 53336K, reserved 1095680K
  class space    used 6782K, capacity 7244K, committed 7296K, reserved 1048576K
}
Event: 10.516 GC heap before
{Heap before GC invocations=11 (full 2):
 PSYoungGen      total 411648K, used 89650K [0x00000000d5580000, 0x00000000f1080000, 0x0000000100000000)
  eden space 396800K, 18% used [0x00000000d5580000,0x00000000d9e8e550,0x00000000ed900000)
  from space 14848K, 99% used [0x00000000f0200000,0x00000000f107e648,0x00000000f1080000)
  to   space 21504K, 0% used [0x00000000ee680000,0x00000000ee680000,0x00000000efb80000)
 ParOldGen       total 77312K, used 24167K [0x0000000080000000, 0x0000000084b80000, 0x00000000d5580000)
  object space 77312K, 31% used [0x0000000080000000,0x0000000081799fd0,0x0000000084b80000)
 Metaspace       used 56457K, capacity 58820K, committed 58968K, reserved 1099776K
  class space    used 7452K, capacity 7937K, committed 8064K, reserved 1048576K
Event: 10.546 GC heap after
Heap after GC invocations=11 (full 2):
 PSYoungGen      total 432128K, used 21177K [0x00000000d5580000, 0x00000000f8080000, 0x0000000100000000)
  eden space 410624K, 0% used [0x00000000d5580000,0x00000000d5580000,0x00000000ee680000)
  from space 21504K, 98% used [0x00000000ee680000,0x00000000efb2e470,0x00000000efb80000)
  to   space 24576K, 0% used [0x00000000f6880000,0x00000000f6880000,0x00000000f8080000)
 ParOldGen       total 77312K, used 24175K [0x0000000080000000, 0x0000000084b80000, 0x00000000d5580000)
  object space 77312K, 31% used [0x0000000080000000,0x000000008179bfd0,0x0000000084b80000)
 Metaspace       used 56457K, capacity 58820K, committed 58968K, reserved 1099776K
  class space    used 7452K, capacity 7937K, committed 8064K, reserved 1048576K
}
Event: 10.546 GC heap before
{Heap before GC invocations=12 (full 3):
 PSYoungGen      total 432128K, used 21177K [0x00000000d5580000, 0x00000000f8080000, 0x0000000100000000)
  eden space 410624K, 0% used [0x00000000d5580000,0x00000000d5580000,0x00000000ee680000)
  from space 21504K, 98% used [0x00000000ee680000,0x00000000efb2e470,0x00000000efb80000)
  to   space 24576K, 0% used [0x00000000f6880000,0x00000000f6880000,0x00000000f8080000)
 ParOldGen       total 77312K, used 24175K [0x0000000080000000, 0x0000000084b80000, 0x00000000d5580000)
  object space 77312K, 31% used [0x0000000080000000,0x000000008179bfd0,0x0000000084b80000)
 Metaspace       used 56457K, capacity 58820K, committed 58968K, reserved 1099776K
  class space    used 7452K, capacity 7937K, committed 8064K, reserved 1048576K
Event: 10.780 GC heap after
Heap after GC invocations=12 (full 3):
 PSYoungGen      total 432128K, used 0K [0x00000000d5580000, 0x00000000f8080000, 0x0000000100000000)
  eden space 410624K, 0% used [0x00000000d5580000,0x00000000d5580000,0x00000000ee680000)
  from space 21504K, 0% used [0x00000000ee680000,0x00000000ee680000,0x00000000efb80000)
  to   space 24576K, 0% used [0x00000000f6880000,0x00000000f6880000,0x00000000f8080000)
 ParOldGen       total 117760K, used 33660K [0x0000000080000000, 0x0000000087300000, 0x00000000d5580000)
  object space 117760K, 28% used [0x0000000080000000,0x00000000820df3c0,0x0000000087300000)
 Metaspace       used 56431K, capacity 58736K, committed 58968K, reserved 1099776K
  class space    used 7443K, capacity 7922K, committed 8064K, reserved 1048576K
}
Event: 19.329 GC heap before
{Heap before GC invocations=13 (full 3):
 PSYoungGen      total 432128K, used 410624K [0x00000000d5580000, 0x00000000f8080000, 0x0000000100000000)
  eden space 410624K, 100% used [0x00000000d5580000,0x00000000ee680000,0x00000000ee680000)
  from space 21504K, 0% used [0x00000000ee680000,0x00000000ee680000,0x00000000efb80000)
  to   space 24576K, 0% used [0x00000000f6880000,0x00000000f6880000,0x00000000f8080000)
 ParOldGen       total 117760K, used 33660K [0x0000000080000000, 0x0000000087300000, 0x00000000d5580000)
  object space 117760K, 28% used [0x0000000080000000,0x00000000820df3c0,0x0000000087300000)
 Metaspace       used 81467K, capacity 85336K, committed 85464K, reserved 1122304K
  class space    used 10943K, capacity 11776K, committed 11776K, reserved 1048576K
Event: 19.409 GC heap after
Heap after GC invocations=13 (full 3):
 PSYoungGen      total 535552K, used 24561K [0x00000000d5580000, 0x00000000f8a80000, 0x0000000100000000)
  eden space 510976K, 0% used [0x00000000d5580000,0x00000000d5580000,0x00000000f4880000)
  from space 24576K, 99% used [0x00000000f6880000,0x00000000f807c518,0x00000000f8080000)
  to   space 32768K, 0% used [0x00000000f4880000,0x00000000f4880000,0x00000000f6880000)
 ParOldGen       total 117760K, used 45286K [0x0000000080000000, 0x0000000087300000, 0x00000000d5580000)
  object space 117760K, 38% used [0x0000000080000000,0x0000000082c39be0,0x0000000087300000)
 Metaspace       used 81467K, capacity 85336K, committed 85464K, reserved 1122304K
  class space    used 10943K, capacity 11776K, committed 11776K, reserved 1048576K
}
Event: 1062.218 GC heap before
{Heap before GC invocations=14 (full 3):
 PSYoungGen      total 535552K, used 535537K [0x00000000d5580000, 0x00000000f8a80000, 0x0000000100000000)
  eden space 510976K, 100% used [0x00000000d5580000,0x00000000f4880000,0x00000000f4880000)
  from space 24576K, 99% used [0x00000000f6880000,0x00000000f807c518,0x00000000f8080000)
  to   space 32768K, 0% used [0x00000000f4880000,0x00000000f4880000,0x00000000f6880000)
 ParOldGen       total 117760K, used 45286K [0x0000000080000000, 0x0000000087300000, 0x00000000d5580000)
  object space 117760K, 38% used [0x0000000080000000,0x0000000082c39be0,0x0000000087300000)
 Metaspace       used 87278K, capacity 92112K, committed 92120K, reserved 1128448K
  class space    used 11512K, capacity 12543K, committed 12544K, reserved 1048576K
Event: 1062.282 GC heap after
Heap after GC invocations=14 (full 3):
 PSYoungGen      total 543744K, used 32738K [0x00000000d5580000, 0x0000000100000000, 0x0000000100000000)
  eden space 510976K, 0% used [0x00000000d5580000,0x00000000d5580000,0x00000000f4880000)
  from space 32768K, 99% used [0x00000000f4880000,0x00000000f68788d8,0x00000000f6880000)
  to   space 45056K, 0% used [0x00000000fd400000,0x00000000fd400000,0x0000000100000000)
 ParOldGen       total 117760K, used 65153K [0x0000000080000000, 0x0000000087300000, 0x00000000d5580000)
  object space 117760K, 55% used [0x0000000080000000,0x0000000083fa07d0,0x0000000087300000)
 Metaspace       used 87278K, capacity 92112K, committed 92120K, reserved 1128448K
  class space    used 11512K, capacity 12543K, committed 12544K, reserved 1048576K
}

